2024-05-24 17:32:55,351:INFO:Database and tables created or already exist.
2024-05-24 17:38:10,494:INFO:Database and tables created or already exist.
2024-05-24 17:42:05,800:INFO:Database and tables created or already exist.
2024-05-24 17:54:34,437:INFO:Directory monitored. Press Ctrl+C to stop monitoring.
2024-05-24 17:54:48,907:INFO:Monitoring stopped.
2024-05-24 18:15:24,073:INFO:Database and tables created or already exist.
2024-05-24 18:15:24,106:ERROR:Error reading file content: 'utf-8' codec can't decode byte 0xff in position 0: invalid start byte
2024-05-24 18:15:24,130:ERROR:Error reading file content: 'utf-8' codec can't decode byte 0xff in position 0: invalid start byte
2024-05-24 18:15:24,134:ERROR:Error reading file content: 'utf-8' codec can't decode byte 0xff in position 0: invalid start byte
2024-05-24 18:15:24,166:ERROR:Error reading file content: 'utf-8' codec can't decode byte 0xff in position 0: invalid start byte
2024-05-24 18:15:24,170:ERROR:Error reading file content: 'utf-8' codec can't decode byte 0xff in position 0: invalid start byte
2024-05-24 18:15:24,173:ERROR:Error reading file content: 'utf-8' codec can't decode byte 0xff in position 0: invalid start byte
2024-05-24 18:15:24,187:ERROR:Error reading file content: 'utf-8' codec can't decode byte 0x89 in position 0: invalid start byte
2024-05-24 18:15:24,191:ERROR:Error reading file content: 'utf-8' codec can't decode byte 0xff in position 0: invalid start byte
2024-05-24 18:15:24,194:ERROR:Error reading file content: 'utf-8' codec can't decode byte 0xff in position 0: invalid start byte
2024-05-24 18:15:24,233:ERROR:Error reading file content: 'utf-8' codec can't decode byte 0x89 in position 0: invalid start byte
2024-05-24 18:15:24,276:ERROR:Error reading file content: 'utf-8' codec can't decode byte 0xff in position 0: invalid start byte
2024-05-24 18:15:24,310:ERROR:Error reading file content: 'utf-8' codec can't decode byte 0xff in position 0: invalid start byte
2024-05-24 18:15:24,671:ERROR:Error reading file content: 'utf-8' codec can't decode byte 0xff in position 0: invalid start byte
2024-05-24 18:15:24,710:ERROR:Error reading file content: 'utf-8' codec can't decode byte 0x89 in position 0: invalid start byte
2024-05-24 18:15:24,715:ERROR:Error reading file content: 'utf-8' codec can't decode byte 0xff in position 0: invalid start byte
2024-05-24 18:15:24,743:ERROR:Error reading file content: 'utf-8' codec can't decode byte 0x89 in position 0: invalid start byte
2024-05-24 18:15:24,810:ERROR:Error reading file content: 'utf-8' codec can't decode byte 0x89 in position 0: invalid start byte
2024-05-24 18:15:24,958:ERROR:Error reading file content: 'utf-8' codec can't decode byte 0x89 in position 0: invalid start byte
2024-05-24 18:15:24,962:ERROR:Error reading file content: 'utf-8' codec can't decode byte 0xff in position 0: invalid start byte
2024-05-24 18:15:25,024:ERROR:Error reading file content: 'utf-8' codec can't decode byte 0x89 in position 0: invalid start byte
2024-05-24 18:15:25,028:ERROR:Error reading file content: 'utf-8' codec can't decode byte 0xff in position 0: invalid start byte
2024-05-24 18:15:25,091:ERROR:Error reading file content: 'utf-8' codec can't decode byte 0x89 in position 0: invalid start byte
2024-05-24 18:15:25,094:ERROR:Error reading file content: 'utf-8' codec can't decode byte 0xff in position 0: invalid start byte
2024-05-24 18:15:25,157:ERROR:Error reading file content: 'utf-8' codec can't decode byte 0x89 in position 0: invalid start byte
2024-05-24 18:15:25,161:ERROR:Error reading file content: 'utf-8' codec can't decode byte 0xff in position 0: invalid start byte
2024-05-24 18:15:25,164:ERROR:Error reading file content: 'utf-8' codec can't decode byte 0xff in position 0: invalid start byte
2024-05-24 18:15:25,168:ERROR:Error reading file content: 'utf-8' codec can't decode byte 0xff in position 0: invalid start byte
2024-05-24 18:15:25,225:ERROR:Error reading file content: 'utf-8' codec can't decode byte 0x89 in position 0: invalid start byte
2024-05-24 18:15:25,314:ERROR:Error reading file content: 'utf-8' codec can't decode byte 0x89 in position 0: invalid start byte
2024-05-24 18:15:25,357:ERROR:Error reading file content: 'utf-8' codec can't decode byte 0x89 in position 0: invalid start byte
2024-05-24 18:15:25,402:ERROR:Error reading file content: 'utf-8' codec can't decode byte 0xff in position 0: invalid start byte
2024-05-24 18:15:25,446:ERROR:Error reading file content: 'utf-8' codec can't decode byte 0xff in position 0: invalid start byte
2024-05-24 18:15:25,490:ERROR:Error reading file content: 'utf-8' codec can't decode byte 0xff in position 0: invalid start byte
2024-05-24 18:15:25,534:ERROR:Error reading file content: 'utf-8' codec can't decode byte 0xff in position 0: invalid start byte
2024-05-24 18:15:25,538:ERROR:Error reading file content: 'utf-8' codec can't decode byte 0x89 in position 0: invalid start byte
2024-05-24 18:15:25,541:ERROR:Error reading file content: 'utf-8' codec can't decode byte 0x89 in position 0: invalid start byte
2024-05-24 18:15:25,543:ERROR:Error reading file content: 'utf-8' codec can't decode byte 0x89 in position 0: invalid start byte
2024-05-24 18:15:25,545:ERROR:Error reading file content: 'utf-8' codec can't decode byte 0x89 in position 0: invalid start byte
2024-05-24 18:15:25,548:ERROR:Error reading file content: 'utf-8' codec can't decode byte 0x89 in position 0: invalid start byte
2024-05-24 18:15:25,549:ERROR:Error reading file content: 'utf-8' codec can't decode byte 0xff in position 0: invalid start byte
2024-05-24 18:15:25,553:ERROR:Error reading file content: 'utf-8' codec can't decode byte 0xff in position 0: invalid start byte
2024-05-24 18:15:25,554:ERROR:Error reading file content: 'utf-8' codec can't decode byte 0xff in position 0: invalid start byte
2024-05-24 18:15:26,153:ERROR:Error reading file content: 'utf-8' codec can't decode byte 0xff in position 0: invalid start byte
2024-05-24 18:15:26,157:ERROR:Error reading file content: 'utf-8' codec can't decode byte 0x89 in position 0: invalid start byte
2024-05-24 18:15:26,235:ERROR:Error reading file content: 'utf-8' codec can't decode byte 0x89 in position 0: invalid start byte
2024-05-24 18:15:26,238:ERROR:Error reading file content: 'utf-8' codec can't decode byte 0xff in position 0: invalid start byte
2024-05-24 18:15:26,269:ERROR:Error reading file content: 'utf-8' codec can't decode byte 0x89 in position 0: invalid start byte
2024-05-24 18:15:26,274:ERROR:Error reading file content: 'utf-8' codec can't decode byte 0xff in position 0: invalid start byte
2024-05-24 18:15:26,313:ERROR:Error reading file content: 'utf-8' codec can't decode byte 0x89 in position 0: invalid start byte
2024-05-24 18:15:26,369:ERROR:Error reading file content: 'utf-8' codec can't decode byte 0xff in position 0: invalid start byte
2024-05-24 18:15:26,424:ERROR:Error reading file content: 'utf-8' codec can't decode byte 0x89 in position 0: invalid start byte
2024-05-24 18:15:26,468:ERROR:Error reading file content: 'utf-8' codec can't decode byte 0x89 in position 0: invalid start byte
2024-05-24 18:15:26,715:ERROR:Error reading file content: 'utf-8' codec can't decode byte 0x89 in position 0: invalid start byte
2024-05-24 18:15:26,720:ERROR:Error reading file content: 'utf-8' codec can't decode byte 0x89 in position 0: invalid start byte
2024-05-24 18:15:26,767:ERROR:Error reading file content: 'utf-8' codec can't decode byte 0xff in position 0: invalid start byte
2024-05-24 18:15:26,770:ERROR:Error reading file content: 'utf-8' codec can't decode byte 0xff in position 0: invalid start byte
2024-05-24 18:15:26,822:ERROR:Error reading file content: 'utf-8' codec can't decode byte 0xff in position 0: invalid start byte
2024-05-24 18:15:26,826:ERROR:Error reading file content: 'utf-8' codec can't decode byte 0x89 in position 0: invalid start byte
2024-05-24 18:15:26,867:ERROR:Error reading file content: 'utf-8' codec can't decode byte 0x89 in position 0: invalid start byte
2024-05-24 18:15:26,922:ERROR:Error reading file content: 'utf-8' codec can't decode byte 0x89 in position 0: invalid start byte
2024-05-24 18:15:26,966:ERROR:Error reading file content: 'utf-8' codec can't decode byte 0x89 in position 0: invalid start byte
2024-05-24 18:15:27,099:ERROR:Error reading file content: 'utf-8' codec can't decode byte 0x89 in position 0: invalid start byte
2024-05-24 18:15:27,101:ERROR:Error reading file content: 'utf-8' codec can't decode byte 0x89 in position 0: invalid start byte
2024-05-24 18:15:27,134:ERROR:Error reading file content: 'utf-8' codec can't decode byte 0x89 in position 0: invalid start byte
2024-05-24 18:15:27,177:ERROR:Error reading file content: 'utf-8' codec can't decode byte 0x89 in position 0: invalid start byte
2024-05-24 18:15:27,222:ERROR:Error reading file content: 'utf-8' codec can't decode byte 0xff in position 0: invalid start byte
2024-05-24 18:15:27,266:ERROR:Error reading file content: 'utf-8' codec can't decode byte 0xff in position 0: invalid start byte
2024-05-24 18:15:27,311:ERROR:Error reading file content: 'utf-8' codec can't decode byte 0x89 in position 0: invalid start byte
2024-05-24 18:15:27,354:ERROR:Error reading file content: 'utf-8' codec can't decode byte 0x89 in position 0: invalid start byte
2024-05-24 18:15:27,399:ERROR:Error reading file content: 'utf-8' codec can't decode byte 0x89 in position 0: invalid start byte
2024-05-24 18:15:27,503:ERROR:Error reading file content: 'utf-8' codec can't decode byte 0x89 in position 0: invalid start byte
2024-05-24 18:15:55,151:INFO:Directory monitored. Press Ctrl+C to stop monitoring.
2024-05-24 18:16:55,317:INFO:Directory monitored. Press Ctrl+C to stop monitoring.
2024-05-24 18:17:55,420:INFO:Directory monitored. Press Ctrl+C to stop monitoring.
2024-05-24 18:18:55,567:INFO:Directory monitored. Press Ctrl+C to stop monitoring.
2024-05-24 18:19:18,141:INFO:Monitoring stopped.
2024-05-24 18:19:26,928:INFO:Database and tables created or already exist.
2024-05-24 18:19:27,040:INFO:Directory monitored. Press Ctrl+C to stop monitoring.
2024-05-24 18:20:27,165:INFO:Directory monitored. Press Ctrl+C to stop monitoring.
2024-05-24 18:21:27,280:INFO:Directory monitored. Press Ctrl+C to stop monitoring.
2024-05-24 18:22:27,440:INFO:Directory monitored. Press Ctrl+C to stop monitoring.
2024-05-24 18:23:27,566:INFO:Directory monitored. Press Ctrl+C to stop monitoring.
2024-05-24 18:24:27,705:INFO:Directory monitored. Press Ctrl+C to stop monitoring.
2024-05-24 18:25:27,823:INFO:Directory monitored. Press Ctrl+C to stop monitoring.
2024-05-24 18:25:27,901:INFO:Monitoring stopped.
2024-05-24 18:25:59,023:INFO:Database and tables created or already exist.
2024-05-24 18:25:59,148:INFO:Directory monitored. Press Ctrl+C to stop monitoring.
2024-05-24 18:26:07,222:INFO:Monitoring stopped.
2024-05-24 18:26:16,360:INFO:Database and tables created or already exist.
2024-05-24 18:26:16,521:INFO:Directory monitored. Press Ctrl+C to stop monitoring.
2024-05-24 18:26:31,163:INFO:Monitoring stopped.
2024-05-24 18:30:05,345:INFO:Database and tables created or already exist.
2024-05-24 18:30:05,447:INFO:Inserted file info for directory D:\1. Time taken: 0:00:00.087561
2024-05-24 18:30:05,447:INFO:Directory monitored. Press Ctrl+C to stop monitoring.
2024-05-24 18:30:09,947:INFO:Monitoring stopped.
2024-05-24 18:30:21,696:INFO:Search for term 'happy' completed. Time taken: 0:00:01.998112
2024-05-24 18:32:37,190:INFO:Search for term 'happy' completed. Time taken: 0:00:01.993546
2024-05-24 18:32:42,632:INFO:Search for term 'non_existing_string_12345' completed. Time taken: 0:00:01.308011
2024-05-24 18:32:43,949:INFO:Search for term 'test_filename' completed. Time taken: 0:00:01.310907
2024-05-24 18:32:45,843:INFO:Search for term 'sample_content' completed. Time taken: 0:00:01.885601
2024-05-24 18:32:47,237:INFO:Search for term 'content_sample' completed. Time taken: 0:00:01.384801
2024-05-24 18:38:51,669:INFO:Database and tables created or already exist.
2024-05-24 18:38:51,758:INFO:Inserted file info for directory D:\1. Time taken: 0:00:00.088662
2024-05-24 18:38:51,758:INFO:Directory monitored. Press Ctrl+C to stop monitoring.
2024-05-24 18:38:54,460:INFO:Monitoring stopped.
2024-05-24 18:38:58,490:INFO:Search results table search_results_3507188583 created.
2024-05-24 18:38:58,998:INFO:Search for term 'non_existing_string_12345' completed. Time taken: 0:00:01.604035
2024-05-24 18:39:00,200:INFO:Search results table search_results_3734010381 created.
2024-05-24 18:39:00,561:INFO:Search for term 'test_filename' completed. Time taken: 0:00:01.550119
2024-05-24 18:39:01,155:INFO:Search results table search_results_1873789723 created.
2024-05-24 18:39:01,500:INFO:Search for term 'sample_content' completed. Time taken: 0:00:00.915180
2024-05-24 18:39:02,099:INFO:Search results table search_results_822676505 created.
2024-05-24 18:39:02,379:INFO:Search for term 'content_sample' completed. Time taken: 0:00:00.860684
2024-05-24 18:42:11,830:INFO:Search results table search_results_2816501709 created.
2024-05-24 18:42:12,361:INFO:Search for term 'HAPPY' completed. Time taken: 0:00:01.160956
2024-05-24 18:43:26,636:INFO:Database and tables created or already exist.
2024-05-24 18:43:26,728:INFO:Inserted file info for directory D:\1. Time taken: 0:00:00.092729
2024-05-24 18:43:26,728:INFO:Directory monitored. Press Ctrl+C to stop monitoring.
2024-05-24 18:43:29,041:INFO:Monitoring stopped.
2024-05-24 18:44:19,015:INFO:Database and tables created or already exist.
2024-05-24 18:44:19,131:INFO:Inserted file info for directory D:\1. Time taken: 0:00:00.115852
2024-05-24 18:44:19,131:INFO:Directory monitored. Press Ctrl+C to stop monitoring.
2024-05-24 18:44:24,170:INFO:Monitoring stopped.
2024-05-24 18:44:33,245:INFO:Search results table search_results_133494494 created.
2024-05-24 18:44:33,601:INFO:Search for term 'HAPPY' completed. Time taken: 0:00:01.268622
2024-05-24 18:45:59,322:INFO:Database and tables created or already exist.
2024-05-24 18:45:59,401:INFO:Inserted file info for directory D:\1. Time taken: 0:00:00.078775
2024-05-24 18:45:59,401:INFO:Directory monitored. Press Ctrl+C to stop monitoring.
2024-05-24 18:46:10,531:INFO:Monitoring stopped.
2024-05-24 18:46:32,602:INFO:Database and tables created or already exist.
2024-05-24 18:46:32,729:INFO:Inserted file info for directory D:\1. Time taken: 0:00:00.126412
2024-05-24 18:46:32,729:INFO:Directory monitored. Press Ctrl+C to stop monitoring.
2024-05-24 18:46:36,103:INFO:Monitoring stopped.
2024-05-24 18:46:40,136:INFO:Search for term 'non_existing_string_12345' completed. Time taken: 0:00:01.457666
2024-05-24 18:46:41,755:INFO:Search for term 'test_filename' completed. Time taken: 0:00:01.603973
2024-05-24 18:46:42,959:INFO:Search for term 'sample_content' completed. Time taken: 0:00:01.183510
2024-05-24 18:46:44,142:INFO:Search for term 'content_sample' completed. Time taken: 0:00:01.174175
2024-05-24 18:51:20,040:INFO:Database and tables created or already exist.
2024-05-24 18:51:20,174:INFO:Inserted file info for directory D:\1. Time taken: 0:00:00.134360
2024-05-24 18:51:20,174:INFO:Directory monitored. Press Ctrl+C to stop monitoring.
2024-05-24 18:51:21,911:INFO:Monitoring stopped.
2024-05-24 18:51:24,266:INFO:Search results table search_results_E created or already exists.
2024-05-24 18:51:26,458:INFO:Search for term 'non_existing_string_12345' completed. Time taken: 0:00:02.799986
2024-05-24 18:51:26,991:INFO:Search results table search_results_F created or already exists.
2024-05-24 18:51:28,089:INFO:Search for term 'test_filename' completed. Time taken: 0:00:01.615143
2024-05-24 18:51:28,623:INFO:Search results table search_results_G created or already exists.
2024-05-24 18:51:29,582:INFO:Search for term 'sample_content' completed. Time taken: 0:00:01.492256
2024-05-24 18:51:30,165:INFO:Search results table search_results_H created or already exists.
2024-05-24 18:51:31,524:INFO:Search for term 'content_sample' completed. Time taken: 0:00:01.941278
2024-05-24 18:55:47,800:INFO:Database and tables created or already exist.
2024-05-24 18:55:47,807:ERROR:Error reading file content: 'utf-8' codec can't decode byte 0xff in position 0: invalid start byte
2024-05-24 18:55:47,807:ERROR:Error reading file content: 'utf-8' codec can't decode byte 0xff in position 0: invalid start byte
2024-05-24 18:55:47,807:ERROR:Error reading file content: 'utf-8' codec can't decode byte 0xff in position 0: invalid start byte
2024-05-24 18:55:47,807:ERROR:Error reading file content: 'utf-8' codec can't decode byte 0xff in position 0: invalid start byte
2024-05-24 18:55:47,807:ERROR:Error reading file content: 'utf-8' codec can't decode byte 0xff in position 0: invalid start byte
2024-05-24 18:55:47,807:ERROR:Error reading file content: 'utf-8' codec can't decode byte 0xff in position 0: invalid start byte
2024-05-24 18:55:47,814:ERROR:Error reading file content: 'utf-8' codec can't decode byte 0x89 in position 0: invalid start byte
2024-05-24 18:55:50,463:ERROR:Error reading file content: 'utf-8' codec can't decode byte 0xff in position 0: invalid start byte
2024-05-24 18:55:50,463:ERROR:Error reading file content: 'utf-8' codec can't decode byte 0xff in position 0: invalid start byte
2024-05-24 18:55:50,463:ERROR:Error reading file content: 'utf-8' codec can't decode byte 0x89 in position 0: invalid start byte
2024-05-24 18:55:50,478:ERROR:Error reading file content: 'utf-8' codec can't decode byte 0xff in position 0: invalid start byte
2024-05-24 18:55:52,078:ERROR:Error reading file content: 'utf-8' codec can't decode byte 0xff in position 0: invalid start byte
2024-05-24 18:55:52,852:ERROR:Error reading file content: 'utf-8' codec can't decode byte 0xff in position 0: invalid start byte
2024-05-24 18:55:52,852:ERROR:Error reading file content: 'utf-8' codec can't decode byte 0x89 in position 0: invalid start byte
2024-05-24 18:55:52,868:ERROR:Error reading file content: 'utf-8' codec can't decode byte 0xff in position 0: invalid start byte
2024-05-24 18:55:52,868:ERROR:Error reading file content: 'utf-8' codec can't decode byte 0x89 in position 0: invalid start byte
2024-05-24 18:55:52,868:ERROR:Error reading file content: 'utf-8' codec can't decode byte 0x89 in position 0: invalid start byte
2024-05-24 18:55:54,172:ERROR:Error reading file content: 'utf-8' codec can't decode byte 0x89 in position 0: invalid start byte
2024-05-24 18:56:03,428:ERROR:Error reading file content: 'utf-8' codec can't decode byte 0xff in position 0: invalid start byte
2024-05-24 18:56:03,428:ERROR:Error reading file content: 'utf-8' codec can't decode byte 0x89 in position 0: invalid start byte
2024-05-24 18:56:03,428:ERROR:Error reading file content: 'utf-8' codec can't decode byte 0xff in position 0: invalid start byte
2024-05-24 18:56:03,443:ERROR:Error reading file content: 'utf-8' codec can't decode byte 0x89 in position 0: invalid start byte
2024-05-24 18:56:03,443:ERROR:Error reading file content: 'utf-8' codec can't decode byte 0xff in position 0: invalid start byte
2024-05-24 18:56:03,443:ERROR:Error reading file content: 'utf-8' codec can't decode byte 0x89 in position 0: invalid start byte
2024-05-24 18:56:03,443:ERROR:Error reading file content: 'utf-8' codec can't decode byte 0xff in position 0: invalid start byte
2024-05-24 18:56:03,443:ERROR:Error reading file content: 'utf-8' codec can't decode byte 0xff in position 0: invalid start byte
2024-05-24 18:56:03,648:ERROR:Error reading file content: 'utf-8' codec can't decode byte 0xff in position 0: invalid start byte
2024-05-24 18:56:03,773:ERROR:Error reading file content: 'utf-8' codec can't decode byte 0x89 in position 0: invalid start byte
2024-05-24 18:56:03,773:ERROR:Error reading file content: 'utf-8' codec can't decode byte 0x89 in position 0: invalid start byte
2024-05-24 18:56:03,773:ERROR:Error reading file content: 'utf-8' codec can't decode byte 0x89 in position 0: invalid start byte
2024-05-24 18:56:03,773:ERROR:Error reading file content: 'utf-8' codec can't decode byte 0xff in position 0: invalid start byte
2024-05-24 18:56:03,789:ERROR:Error reading file content: 'utf-8' codec can't decode byte 0xff in position 0: invalid start byte
2024-05-24 18:56:03,789:ERROR:Error reading file content: 'utf-8' codec can't decode byte 0xff in position 0: invalid start byte
2024-05-24 18:56:03,789:ERROR:Error reading file content: 'utf-8' codec can't decode byte 0xff in position 0: invalid start byte
2024-05-24 18:56:03,868:ERROR:Error reading file content: 'utf-8' codec can't decode byte 0x89 in position 0: invalid start byte
2024-05-24 18:56:03,883:ERROR:Error reading file content: 'utf-8' codec can't decode byte 0x89 in position 0: invalid start byte
2024-05-24 18:56:03,884:ERROR:Error reading file content: 'utf-8' codec can't decode byte 0x89 in position 0: invalid start byte
2024-05-24 18:56:03,884:ERROR:Error reading file content: 'utf-8' codec can't decode byte 0x89 in position 0: invalid start byte
2024-05-24 18:56:03,884:ERROR:Error reading file content: 'utf-8' codec can't decode byte 0x89 in position 0: invalid start byte
2024-05-24 18:56:03,884:ERROR:Error reading file content: 'utf-8' codec can't decode byte 0xff in position 0: invalid start byte
2024-05-24 18:56:04,184:ERROR:Error reading file content: 'utf-8' codec can't decode byte 0xff in position 0: invalid start byte
2024-05-24 18:56:04,184:ERROR:Error reading file content: 'utf-8' codec can't decode byte 0xff in position 0: invalid start byte
2024-05-24 18:56:04,968:ERROR:Error reading file content: 'utf-8' codec can't decode byte 0xff in position 0: invalid start byte
2024-05-24 18:56:04,968:ERROR:Error reading file content: 'utf-8' codec can't decode byte 0x89 in position 0: invalid start byte
2024-05-24 18:56:04,968:ERROR:Error reading file content: 'utf-8' codec can't decode byte 0x89 in position 0: invalid start byte
2024-05-24 18:56:04,968:ERROR:Error reading file content: 'utf-8' codec can't decode byte 0xff in position 0: invalid start byte
2024-05-24 18:56:04,968:ERROR:Error reading file content: 'utf-8' codec can't decode byte 0x89 in position 0: invalid start byte
2024-05-24 18:56:05,016:ERROR:Error reading file content: 'utf-8' codec can't decode byte 0xff in position 0: invalid start byte
2024-05-24 18:56:05,016:ERROR:Error reading file content: 'utf-8' codec can't decode byte 0x89 in position 0: invalid start byte
2024-05-24 18:56:05,016:ERROR:Error reading file content: 'utf-8' codec can't decode byte 0xff in position 0: invalid start byte
2024-05-24 18:56:05,016:ERROR:Error reading file content: 'utf-8' codec can't decode byte 0x89 in position 0: invalid start byte
2024-05-24 18:56:05,031:ERROR:Error reading file content: 'utf-8' codec can't decode byte 0x89 in position 0: invalid start byte
2024-05-24 18:56:05,250:ERROR:Error reading file content: 'utf-8' codec can't decode byte 0x89 in position 0: invalid start byte
2024-05-24 18:56:05,250:ERROR:Error reading file content: 'utf-8' codec can't decode byte 0x89 in position 0: invalid start byte
2024-05-24 18:56:05,250:ERROR:Error reading file content: 'utf-8' codec can't decode byte 0xff in position 0: invalid start byte
2024-05-24 18:56:05,250:ERROR:Error reading file content: 'utf-8' codec can't decode byte 0xff in position 0: invalid start byte
2024-05-24 18:56:05,265:ERROR:Error reading file content: 'utf-8' codec can't decode byte 0xff in position 0: invalid start byte
2024-05-24 18:56:05,265:ERROR:Error reading file content: 'utf-8' codec can't decode byte 0x89 in position 0: invalid start byte
2024-05-24 18:56:05,501:ERROR:Error reading file content: 'utf-8' codec can't decode byte 0x89 in position 0: invalid start byte
2024-05-24 18:56:05,516:ERROR:Error reading file content: 'utf-8' codec can't decode byte 0x89 in position 0: invalid start byte
2024-05-24 18:56:05,580:ERROR:Error reading file content: 'utf-8' codec can't decode byte 0x89 in position 0: invalid start byte
2024-05-24 18:56:06,607:ERROR:Error reading file content: 'utf-8' codec can't decode byte 0x89 in position 0: invalid start byte
2024-05-24 18:56:06,700:ERROR:Error reading file content: 'utf-8' codec can't decode byte 0x89 in position 0: invalid start byte
2024-05-24 18:56:06,700:ERROR:Error reading file content: 'utf-8' codec can't decode byte 0x89 in position 0: invalid start byte
2024-05-24 18:56:06,716:ERROR:Error reading file content: 'utf-8' codec can't decode byte 0x89 in position 0: invalid start byte
2024-05-24 18:56:06,779:ERROR:Error reading file content: 'utf-8' codec can't decode byte 0xff in position 0: invalid start byte
2024-05-24 18:56:06,810:ERROR:Error reading file content: 'utf-8' codec can't decode byte 0xff in position 0: invalid start byte
2024-05-24 18:56:06,904:ERROR:Error reading file content: 'utf-8' codec can't decode byte 0x89 in position 0: invalid start byte
2024-05-24 18:56:06,968:ERROR:Error reading file content: 'utf-8' codec can't decode byte 0x89 in position 0: invalid start byte
2024-05-24 18:56:06,968:ERROR:Error reading file content: 'utf-8' codec can't decode byte 0x89 in position 0: invalid start byte
2024-05-24 18:56:07,361:ERROR:Error reading file content: 'utf-8' codec can't decode byte 0x89 in position 0: invalid start byte
2024-05-24 18:56:42,223:ERROR:Error reading file content: 'utf-8' codec can't decode byte 0xff in position 0: invalid start byte
2024-05-24 18:56:42,380:ERROR:Error reading file content: 'utf-8' codec can't decode byte 0xff in position 0: invalid start byte
2024-05-24 18:56:42,459:ERROR:Error reading file content: 'utf-8' codec can't decode byte 0xff in position 0: invalid start byte
2024-05-24 18:56:42,822:ERROR:Error reading file content: 'utf-8' codec can't decode byte 0xff in position 0: invalid start byte
2024-05-24 18:56:42,869:ERROR:Error reading file content: 'utf-8' codec can't decode byte 0x89 in position 0: invalid start byte
2024-05-24 18:56:42,901:ERROR:Error reading file content: 'utf-8' codec can't decode byte 0xff in position 0: invalid start byte
2024-05-24 18:56:42,948:ERROR:Error reading file content: 'utf-8' codec can't decode byte 0xff in position 0: invalid start byte
2024-05-24 18:56:42,995:ERROR:Error reading file content: 'utf-8' codec can't decode byte 0xff in position 0: invalid start byte
2024-05-24 18:56:43,042:ERROR:Error reading file content: 'utf-8' codec can't decode byte 0xff in position 0: invalid start byte
2024-05-24 18:56:43,073:ERROR:Error reading file content: 'utf-8' codec can't decode byte 0xff in position 0: invalid start byte
2024-05-24 18:56:43,106:ERROR:Error reading file content: 'utf-8' codec can't decode byte 0xff in position 0: invalid start byte
2024-05-24 18:56:43,153:ERROR:Error reading file content: 'utf-8' codec can't decode byte 0xff in position 0: invalid start byte
2024-05-24 18:56:43,200:ERROR:Error reading file content: 'utf-8' codec can't decode byte 0xff in position 0: invalid start byte
2024-05-24 18:56:43,248:ERROR:Error reading file content: 'utf-8' codec can't decode byte 0xff in position 0: invalid start byte
2024-05-24 18:56:43,294:ERROR:Error reading file content: 'utf-8' codec can't decode byte 0xff in position 0: invalid start byte
2024-05-24 18:56:43,325:ERROR:Error reading file content: 'utf-8' codec can't decode byte 0xff in position 0: invalid start byte
2024-05-24 18:56:43,404:ERROR:Error reading file content: 'utf-8' codec can't decode byte 0x89 in position 0: invalid start byte
2024-05-24 18:56:43,468:ERROR:Error reading file content: 'utf-8' codec can't decode byte 0x89 in position 0: invalid start byte
2024-05-24 18:56:43,531:ERROR:Error reading file content: 'utf-8' codec can't decode byte 0xff in position 0: invalid start byte
2024-05-24 18:56:43,593:ERROR:Error reading file content: 'utf-8' codec can't decode byte 0xff in position 0: invalid start byte
2024-05-24 18:56:43,640:ERROR:Error reading file content: 'utf-8' codec can't decode byte 0xff in position 0: invalid start byte
2024-05-24 18:56:43,798:ERROR:Error reading file content: 'utf-8' codec can't decode byte 0x89 in position 0: invalid start byte
2024-05-24 18:56:43,846:ERROR:Error reading file content: 'utf-8' codec can't decode byte 0xff in position 0: invalid start byte
2024-05-24 18:56:43,877:ERROR:Error reading file content: 'utf-8' codec can't decode byte 0xff in position 0: invalid start byte
2024-05-24 18:56:43,924:ERROR:Error reading file content: 'utf-8' codec can't decode byte 0xff in position 0: invalid start byte
2024-05-24 18:56:43,971:ERROR:Error reading file content: 'utf-8' codec can't decode byte 0xff in position 0: invalid start byte
2024-05-24 18:56:44,018:ERROR:Error reading file content: 'utf-8' codec can't decode byte 0xff in position 0: invalid start byte
2024-05-24 18:56:44,065:ERROR:Error reading file content: 'utf-8' codec can't decode byte 0xff in position 0: invalid start byte
2024-05-24 18:56:44,112:ERROR:Error reading file content: 'utf-8' codec can't decode byte 0xff in position 0: invalid start byte
2024-05-24 18:56:44,175:ERROR:Error reading file content: 'utf-8' codec can't decode byte 0x89 in position 0: invalid start byte
2024-05-24 18:56:44,222:ERROR:Error reading file content: 'utf-8' codec can't decode byte 0xff in position 0: invalid start byte
2024-05-24 18:56:45,085:ERROR:Error reading file content: 'utf-8' codec can't decode byte 0xff in position 0: invalid start byte
2024-05-24 18:56:45,133:ERROR:Error reading file content: 'utf-8' codec can't decode byte 0xff in position 0: invalid start byte
2024-05-24 18:56:45,195:ERROR:Error reading file content: 'utf-8' codec can't decode byte 0x89 in position 0: invalid start byte
2024-05-24 18:56:45,243:ERROR:Error reading file content: 'utf-8' codec can't decode byte 0xff in position 0: invalid start byte
2024-05-24 18:56:45,243:ERROR:Error reading file content: 'utf-8' codec can't decode byte 0x89 in position 0: invalid start byte
2024-05-24 18:56:45,243:ERROR:Error reading file content: 'utf-8' codec can't decode byte 0x89 in position 0: invalid start byte
2024-05-24 18:56:45,260:ERROR:Error reading file content: 'utf-8' codec can't decode byte 0x89 in position 0: invalid start byte
2024-05-24 18:56:45,260:ERROR:Error reading file content: 'utf-8' codec can't decode byte 0x89 in position 0: invalid start byte
2024-05-24 18:56:45,260:ERROR:Error reading file content: 'utf-8' codec can't decode byte 0x89 in position 0: invalid start byte
2024-05-24 18:56:45,290:ERROR:Error reading file content: 'utf-8' codec can't decode byte 0xff in position 0: invalid start byte
2024-05-24 18:56:45,338:ERROR:Error reading file content: 'utf-8' codec can't decode byte 0xff in position 0: invalid start byte
2024-05-24 18:56:45,369:ERROR:Error reading file content: 'utf-8' codec can't decode byte 0x89 in position 0: invalid start byte
2024-05-24 18:56:45,448:ERROR:Error reading file content: 'utf-8' codec can't decode byte 0xff in position 0: invalid start byte
2024-05-24 18:56:45,510:ERROR:Error reading file content: 'utf-8' codec can't decode byte 0xff in position 0: invalid start byte
2024-05-24 18:56:45,589:ERROR:Error reading file content: 'utf-8' codec can't decode byte 0xff in position 0: invalid start byte
2024-05-24 18:56:45,919:ERROR:Error reading file content: 'utf-8' codec can't decode byte 0xff in position 0: invalid start byte
2024-05-24 18:56:45,966:ERROR:Error reading file content: 'utf-8' codec can't decode byte 0xff in position 0: invalid start byte
2024-05-24 18:56:46,014:ERROR:Error reading file content: 'utf-8' codec can't decode byte 0xff in position 0: invalid start byte
2024-05-24 18:56:46,045:ERROR:Error reading file content: 'utf-8' codec can't decode byte 0xff in position 0: invalid start byte
2024-05-24 18:56:46,092:ERROR:Error reading file content: 'utf-8' codec can't decode byte 0xff in position 0: invalid start byte
2024-05-24 18:56:46,139:ERROR:Error reading file content: 'utf-8' codec can't decode byte 0xff in position 0: invalid start byte
2024-05-24 18:56:46,139:ERROR:Error reading file content: 'utf-8' codec can't decode byte 0x89 in position 0: invalid start byte
2024-05-24 18:56:46,139:ERROR:Error reading file content: 'utf-8' codec can't decode byte 0x89 in position 0: invalid start byte
2024-05-24 18:56:46,171:ERROR:Error reading file content: 'utf-8' codec can't decode byte 0x89 in position 0: invalid start byte
2024-05-24 18:56:46,218:ERROR:Error reading file content: 'utf-8' codec can't decode byte 0xff in position 0: invalid start byte
2024-05-24 18:56:46,249:ERROR:Error reading file content: 'utf-8' codec can't decode byte 0xff in position 0: invalid start byte
2024-05-24 18:56:46,312:ERROR:Error reading file content: 'utf-8' codec can't decode byte 0xff in position 0: invalid start byte
2024-05-24 18:56:46,344:ERROR:Error reading file content: 'utf-8' codec can't decode byte 0xff in position 0: invalid start byte
2024-05-24 18:56:46,392:ERROR:Error reading file content: 'utf-8' codec can't decode byte 0x89 in position 0: invalid start byte
2024-05-24 18:56:46,392:ERROR:Error reading file content: 'utf-8' codec can't decode byte 0x89 in position 0: invalid start byte
2024-05-24 18:56:46,423:ERROR:Error reading file content: 'utf-8' codec can't decode byte 0xff in position 0: invalid start byte
2024-05-24 18:56:46,470:ERROR:Error reading file content: 'utf-8' codec can't decode byte 0xff in position 0: invalid start byte
2024-05-24 18:56:46,626:ERROR:Error reading file content: 'utf-8' codec can't decode byte 0xff in position 0: invalid start byte
2024-05-24 18:56:46,673:ERROR:Error reading file content: 'utf-8' codec can't decode byte 0x89 in position 0: invalid start byte
2024-05-24 18:56:46,722:ERROR:Error reading file content: 'utf-8' codec can't decode byte 0x89 in position 0: invalid start byte
2024-05-24 18:56:46,768:ERROR:Error reading file content: 'utf-8' codec can't decode byte 0xff in position 0: invalid start byte
2024-05-24 18:56:46,814:ERROR:Error reading file content: 'utf-8' codec can't decode byte 0xff in position 0: invalid start byte
2024-05-24 18:56:46,846:ERROR:Error reading file content: 'utf-8' codec can't decode byte 0x89 in position 0: invalid start byte
2024-05-24 18:56:46,908:ERROR:Error reading file content: 'utf-8' codec can't decode byte 0x89 in position 0: invalid start byte
2024-05-24 18:56:47,050:ERROR:Error reading file content: 'utf-8' codec can't decode byte 0x89 in position 0: invalid start byte
2024-05-24 18:56:47,128:ERROR:Error reading file content: 'utf-8' codec can't decode byte 0x89 in position 0: invalid start byte
2024-05-24 18:56:47,175:ERROR:Error reading file content: 'utf-8' codec can't decode byte 0xff in position 0: invalid start byte
2024-05-24 18:56:47,253:ERROR:Error reading file content: 'utf-8' codec can't decode byte 0xff in position 0: invalid start byte
2024-05-24 18:56:47,300:ERROR:Error reading file content: 'utf-8' codec can't decode byte 0xff in position 0: invalid start byte
2024-05-24 18:56:47,331:ERROR:Error reading file content: 'utf-8' codec can't decode byte 0xff in position 0: invalid start byte
2024-05-24 18:56:47,379:ERROR:Error reading file content: 'utf-8' codec can't decode byte 0xff in position 0: invalid start byte
2024-05-24 18:56:47,442:ERROR:Error reading file content: 'utf-8' codec can't decode byte 0x89 in position 0: invalid start byte
2024-05-24 18:56:47,551:ERROR:Error reading file content: 'utf-8' codec can't decode byte 0xff in position 0: invalid start byte
2024-05-24 18:56:47,614:ERROR:Error reading file content: 'utf-8' codec can't decode byte 0xff in position 0: invalid start byte
2024-05-24 18:56:47,645:ERROR:Error reading file content: 'utf-8' codec can't decode byte 0xff in position 0: invalid start byte
2024-05-24 18:56:47,692:ERROR:Error reading file content: 'utf-8' codec can't decode byte 0xff in position 0: invalid start byte
2024-05-24 18:56:47,770:ERROR:Error reading file content: 'utf-8' codec can't decode byte 0xff in position 0: invalid start byte
2024-05-24 18:56:47,801:ERROR:Error reading file content: 'utf-8' codec can't decode byte 0x89 in position 0: invalid start byte
2024-05-24 18:56:47,849:ERROR:Error reading file content: 'utf-8' codec can't decode byte 0x89 in position 0: invalid start byte
2024-05-24 18:56:47,897:ERROR:Error reading file content: 'utf-8' codec can't decode byte 0xff in position 0: invalid start byte
2024-05-24 18:56:47,943:ERROR:Error reading file content: 'utf-8' codec can't decode byte 0xff in position 0: invalid start byte
2024-05-24 18:56:47,990:ERROR:Error reading file content: 'utf-8' codec can't decode byte 0xff in position 0: invalid start byte
2024-05-24 18:56:48,053:ERROR:Error reading file content: 'utf-8' codec can't decode byte 0x89 in position 0: invalid start byte
2024-05-24 18:56:48,429:ERROR:Error reading file content: 'utf-8' codec can't decode byte 0xff in position 0: invalid start byte
2024-05-24 18:56:48,493:ERROR:Error reading file content: 'utf-8' codec can't decode byte 0xff in position 0: invalid start byte
2024-05-24 18:56:48,524:ERROR:Error reading file content: 'utf-8' codec can't decode byte 0xff in position 0: invalid start byte
2024-05-24 18:56:48,586:ERROR:Error reading file content: 'utf-8' codec can't decode byte 0xff in position 0: invalid start byte
2024-05-24 18:56:48,649:ERROR:Error reading file content: 'utf-8' codec can't decode byte 0xff in position 0: invalid start byte
2024-05-24 18:56:48,698:ERROR:Error reading file content: 'utf-8' codec can't decode byte 0xff in position 0: invalid start byte
2024-05-24 18:56:48,759:ERROR:Error reading file content: 'utf-8' codec can't decode byte 0xff in position 0: invalid start byte
2024-05-24 18:56:48,806:ERROR:Error reading file content: 'utf-8' codec can't decode byte 0xff in position 0: invalid start byte
2024-05-24 18:56:48,853:ERROR:Error reading file content: 'utf-8' codec can't decode byte 0xff in position 0: invalid start byte
2024-05-24 18:56:48,900:ERROR:Error reading file content: 'utf-8' codec can't decode byte 0xff in position 0: invalid start byte
2024-05-24 18:56:48,949:ERROR:Error reading file content: 'utf-8' codec can't decode byte 0xff in position 0: invalid start byte
2024-05-24 18:56:48,995:ERROR:Error reading file content: 'utf-8' codec can't decode byte 0xff in position 0: invalid start byte
2024-05-24 18:56:49,042:ERROR:Error reading file content: 'utf-8' codec can't decode byte 0xff in position 0: invalid start byte
2024-05-24 18:56:49,089:ERROR:Error reading file content: 'utf-8' codec can't decode byte 0xff in position 0: invalid start byte
2024-05-24 18:56:49,136:ERROR:Error reading file content: 'utf-8' codec can't decode byte 0xff in position 0: invalid start byte
2024-05-24 18:56:49,294:ERROR:Error reading file content: 'utf-8' codec can't decode byte 0xff in position 0: invalid start byte
2024-05-24 18:56:49,388:ERROR:Error reading file content: 'utf-8' codec can't decode byte 0x89 in position 0: invalid start byte
2024-05-24 18:56:49,450:ERROR:Error reading file content: 'utf-8' codec can't decode byte 0x89 in position 0: invalid start byte
2024-05-24 18:56:49,483:ERROR:Error reading file content: 'utf-8' codec can't decode byte 0x89 in position 0: invalid start byte
2024-05-24 18:56:49,529:ERROR:Error reading file content: 'utf-8' codec can't decode byte 0xff in position 0: invalid start byte
2024-05-24 18:56:49,577:ERROR:Error reading file content: 'utf-8' codec can't decode byte 0xff in position 0: invalid start byte
2024-05-24 18:56:49,623:ERROR:Error reading file content: 'utf-8' codec can't decode byte 0xff in position 0: invalid start byte
2024-05-24 18:56:49,686:ERROR:Error reading file content: 'utf-8' codec can't decode byte 0xff in position 0: invalid start byte
2024-05-24 18:56:49,686:ERROR:Error reading file content: 'utf-8' codec can't decode byte 0x89 in position 0: invalid start byte
2024-05-24 18:56:49,686:ERROR:Error reading file content: 'utf-8' codec can't decode byte 0x89 in position 0: invalid start byte
2024-05-24 18:56:49,686:ERROR:Error reading file content: 'utf-8' codec can't decode byte 0x89 in position 0: invalid start byte
2024-05-24 18:56:49,686:ERROR:Error reading file content: 'utf-8' codec can't decode byte 0x89 in position 0: invalid start byte
2024-05-24 18:56:49,734:ERROR:Error reading file content: 'utf-8' codec can't decode byte 0x89 in position 0: invalid start byte
2024-05-24 18:56:49,812:ERROR:Error reading file content: 'utf-8' codec can't decode byte 0x89 in position 0: invalid start byte
2024-05-24 18:56:49,812:ERROR:Error reading file content: 'utf-8' codec can't decode byte 0xff in position 0: invalid start byte
2024-05-24 18:56:49,812:ERROR:Error reading file content: 'utf-8' codec can't decode byte 0xff in position 0: invalid start byte
2024-05-24 18:56:49,827:ERROR:Error reading file content: 'utf-8' codec can't decode byte 0xff in position 0: invalid start byte
2024-05-24 18:56:49,858:ERROR:Error reading file content: 'utf-8' codec can't decode byte 0xff in position 0: invalid start byte
2024-05-24 18:56:49,858:ERROR:Error reading file content: 'utf-8' codec can't decode byte 0xff in position 0: invalid start byte
2024-05-24 18:56:49,858:ERROR:Error reading file content: 'utf-8' codec can't decode byte 0xff in position 0: invalid start byte
2024-05-24 18:56:49,874:ERROR:Error reading file content: 'utf-8' codec can't decode byte 0x89 in position 0: invalid start byte
2024-05-24 18:56:49,875:ERROR:Error reading file content: 'utf-8' codec can't decode byte 0x89 in position 0: invalid start byte
2024-05-24 18:56:49,875:ERROR:Error reading file content: 'utf-8' codec can't decode byte 0x89 in position 0: invalid start byte
2024-05-24 18:56:49,875:ERROR:Error reading file content: 'utf-8' codec can't decode byte 0xff in position 0: invalid start byte
2024-05-24 18:56:49,890:ERROR:Error reading file content: 'utf-8' codec can't decode byte 0xff in position 0: invalid start byte
2024-05-24 18:56:50,110:ERROR:Error reading file content: 'utf-8' codec can't decode byte 0x89 in position 0: invalid start byte
2024-05-24 18:56:50,125:ERROR:Error reading file content: 'utf-8' codec can't decode byte 0xff in position 0: invalid start byte
2024-05-24 18:56:50,125:ERROR:Error reading file content: 'utf-8' codec can't decode byte 0x89 in position 0: invalid start byte
2024-05-24 18:56:50,141:ERROR:Error reading file content: 'utf-8' codec can't decode byte 0x89 in position 0: invalid start byte
2024-05-24 18:56:50,141:ERROR:Error reading file content: 'utf-8' codec can't decode byte 0x89 in position 0: invalid start byte
2024-05-24 18:56:50,157:ERROR:Error reading file content: 'utf-8' codec can't decode byte 0x89 in position 0: invalid start byte
2024-05-24 18:56:50,157:ERROR:Error reading file content: 'utf-8' codec can't decode byte 0x89 in position 0: invalid start byte
2024-05-24 18:56:50,172:ERROR:Error reading file content: 'utf-8' codec can't decode byte 0xff in position 0: invalid start byte
2024-05-24 18:57:23,283:INFO:Monitoring stopped.
2024-05-24 18:58:28,878:INFO:Search results table search_results_E created or already exists.
2024-05-24 18:58:31,865:INFO:Search for term 'non_existing_string_12345' completed. Time taken: 0:00:37.206668
2024-05-24 18:58:33,810:INFO:Search results table search_results_F created or already exists.
2024-05-24 18:58:36,838:INFO:Search for term 'test_filename' completed. Time taken: 0:00:04.972865
2024-05-24 18:58:38,382:INFO:Search results table search_results_G created or already exists.
2024-05-24 18:58:41,571:INFO:Search for term 'sample_content' completed. Time taken: 0:00:04.724620
2024-05-24 18:58:42,216:INFO:Search results table search_results_H created or already exists.
2024-05-24 18:58:43,941:INFO:Search for term 'content_sample' completed. Time taken: 0:00:02.369796
2024-05-24 19:02:00,098:INFO:Database and tables created or already exist.
2024-05-24 19:02:00,192:INFO:Inserted file info for directory D:\1. Time taken: 0:00:00.094757
2024-05-24 19:02:00,192:INFO:Directory monitored. Press Ctrl+C to stop monitoring.
2024-05-24 19:02:17,660:INFO:Monitoring stopped.
2024-05-24 19:02:26,808:INFO:Search results table search_results_user created or already exists.
2024-05-24 19:02:28,177:INFO:Search for term 'happy' completed. Time taken: 0:00:01.410864
2024-05-24 19:05:09,316:INFO:Database and tables created or already exist.
2024-05-24 19:05:09,451:INFO:Inserted file info for directory D:\1. Time taken: 0:00:00.134804
2024-05-24 19:05:09,451:INFO:Directory monitored. Press Ctrl+C to stop monitoring.
2024-05-24 19:05:11,228:INFO:Monitoring stopped.
2024-05-24 19:05:14,142:INFO:Search results table search_results_E created or already exists.
2024-05-24 19:05:15,571:INFO:Search for term 'non_existing_string_12345' completed. Time taken: 0:00:01.471757
2024-05-24 19:05:15,618:INFO:Search results table search_results_F created or already exists.
2024-05-24 19:05:16,907:INFO:Search for term 'test_filename' completed. Time taken: 0:00:01.335721
2024-05-24 19:05:17,034:INFO:Search results table search_results_G created or already exists.
2024-05-24 19:05:18,800:INFO:Search for term 'sample_content' completed. Time taken: 0:00:01.893794
2024-05-24 19:05:18,904:INFO:Search results table search_results_H created or already exists.
2024-05-24 19:05:20,305:INFO:Search for term 'content_sample' completed. Time taken: 0:00:01.504877
2024-05-24 19:05:27,358:INFO:Search results table search_results_user created or already exists.
2024-05-24 19:05:29,622:INFO:Search for term 'happy' completed. Time taken: 0:00:02.303417
2024-05-24 19:05:51,604:INFO:Search results table search_results_user created or already exists.
2024-05-24 19:05:53,029:INFO:Search for term 'pegah' completed. Time taken: 0:00:01.756470
2024-05-24 19:06:01,378:INFO:Search results table search_results_user created or already exists.
2024-05-24 19:06:02,637:INFO:Search for term 'sample' completed. Time taken: 0:00:01.295376
2024-05-24 19:07:56,989:INFO:Search results table search_results_user created or already exists.
2024-05-24 19:07:58,490:INFO:Search for term 'Human' completed. Time taken: 0:00:01.628984
2024-05-24 19:14:52,966:INFO:Database and tables created or already exist.
2024-05-24 19:14:53,125:INFO:Inserted file info for directory D:\1. Time taken: 0:00:00.158986
2024-05-24 19:14:53,125:INFO:Directory monitored. Press Ctrl+C to stop monitoring.
2024-05-24 19:14:58,376:INFO:Monitoring stopped.
2024-05-24 19:15:00,840:INFO:Search results table search_results_E created or already exists.
2024-05-24 19:15:02,313:INFO:Search for term 'non_existing_string_12345' completed. Time taken: 0:00:01.614869
2024-05-24 19:15:02,367:INFO:Search results table search_results_F created or already exists.
2024-05-24 19:15:03,421:INFO:Search for term 'test_filename' completed. Time taken: 0:00:01.108302
2024-05-24 19:15:03,477:INFO:Search results table search_results_G created or already exists.
2024-05-24 19:15:04,679:INFO:Search for term 'sample_content' completed. Time taken: 0:00:01.255709
2024-05-24 19:15:04,758:INFO:Search results table search_results_H created or already exists.
2024-05-24 19:15:05,760:INFO:Search for term 'content_sample' completed. Time taken: 0:00:01.065599
2024-05-24 19:20:25,929:INFO:Database and tables created or already exist.
2024-05-24 19:20:26,047:INFO:Inserted file info for directory D:\1. Time taken: 0:00:00.118604
2024-05-24 19:20:26,047:INFO:Directory monitored. Press Ctrl+C to stop monitoring.
2024-05-24 19:20:29,236:INFO:Monitoring stopped.
2024-05-24 19:20:35,574:INFO:Search results table search_results_user created or already exists.
2024-05-24 19:20:37,139:INFO:Search for term 'pegah' completed. Time taken: 0:00:01.615102
2024-05-24 19:21:34,770:INFO:Search results table search_results_user created or already exists.
2024-05-24 19:21:36,232:INFO:Search for term 'caulerpa' completed. Time taken: 0:00:01.806205
2024-05-24 19:21:51,500:INFO:Search results table search_results_E created or already exists.
2024-05-24 19:21:52,957:INFO:Search for term 'non_existing_string_12345' completed. Time taken: 0:00:01.490119
2024-05-24 19:21:53,022:INFO:Search results table search_results_F created or already exists.
2024-05-24 19:21:54,197:INFO:Search for term 'test_filename' completed. Time taken: 0:00:01.239833
2024-05-24 19:21:54,300:INFO:Search results table search_results_G created or already exists.
2024-05-24 19:21:55,559:INFO:Search for term 'sample_content' completed. Time taken: 0:00:01.347073
2024-05-24 19:21:55,623:INFO:Search results table search_results_H created or already exists.
2024-05-24 19:21:56,719:INFO:Search for term 'content_sample' completed. Time taken: 0:00:01.159787
2024-05-24 19:23:18,642:INFO:Database and tables created or already exist.
2024-05-24 19:23:18,768:INFO:Inserted file info for directory D:\1. Time taken: 0:00:00.125826
2024-05-24 19:23:18,768:INFO:Directory monitored. Press Ctrl+C to stop monitoring.
2024-05-24 19:23:20,438:INFO:Monitoring stopped.
2024-05-24 19:23:23,405:INFO:Search results table search_results_E created or already exists.
2024-05-24 19:23:24,811:INFO:Search for term 'non_existing_string_12345' completed. Time taken: 0:00:01.617836
2024-05-24 19:23:24,897:INFO:Search results table search_results_F created or already exists.
2024-05-24 19:23:26,672:INFO:Search for term 'test_filename' completed. Time taken: 0:00:01.843539
2024-05-24 19:23:26,745:INFO:Search results table search_results_G created or already exists.
2024-05-24 19:23:27,897:INFO:Search for term 'sample_content' completed. Time taken: 0:00:01.223028
2024-05-24 19:23:27,994:INFO:Search results table search_results_H created or already exists.
2024-05-24 19:23:29,256:INFO:Search for term 'content_sample' completed. Time taken: 0:00:01.339854
2024-05-24 19:26:05,791:INFO:Database and tables created or already exist.
2024-05-24 19:26:05,921:INFO:Inserted file info for directory D:\1. Time taken: 0:00:00.129743
2024-05-24 19:26:05,921:INFO:Directory monitored. Press Ctrl+C to stop monitoring.
2024-05-24 19:26:07,792:INFO:Monitoring stopped.
2024-05-24 19:26:10,843:INFO:Search results table search_results_E created or already exists.
2024-05-24 19:26:13,307:INFO:Search for term 'non_existing_string_12345' completed. Time taken: 0:00:02.503720
2024-05-24 19:26:13,340:INFO:Search results table search_results_F created or already exists.
2024-05-24 19:26:14,661:INFO:Search for term 'test_filename' completed. Time taken: 0:00:01.349041
2024-05-24 19:26:14,723:INFO:Search results table search_results_G created or already exists.
2024-05-24 19:26:16,290:INFO:Search for term 'sample_content' completed. Time taken: 0:00:01.614086
2024-05-24 19:26:16,354:INFO:Search results table search_results_H created or already exists.
2024-05-24 19:26:17,593:INFO:Search for term 'content_sample' completed. Time taken: 0:00:01.301502
2024-05-24 19:28:31,101:INFO:Database and tables created or already exist.
2024-05-24 19:28:31,201:INFO:Inserted file info for directory D:\1. Time taken: 0:00:00.100548
2024-05-24 19:28:31,201:INFO:Directory monitored. Press Ctrl+C to stop monitoring.
2024-05-24 19:28:32,543:INFO:Monitoring stopped.
2024-05-24 19:28:34,869:INFO:Search results table search_results_E created or already exists.
2024-05-24 19:28:36,681:INFO:Search for term 'non_existing_string_12345' completed. Time taken: 0:00:01.879368
2024-05-24 19:28:36,720:INFO:Search results table search_results_F created or already exists.
2024-05-24 19:28:37,954:INFO:Search for term 'test_filename' completed. Time taken: 0:00:01.272274
2024-05-24 19:28:38,035:INFO:Search results table search_results_G created or already exists.
2024-05-24 19:28:39,379:INFO:Search for term 'sample_content' completed. Time taken: 0:00:01.408410
2024-05-24 19:28:39,450:INFO:Search results table search_results_H created or already exists.
2024-05-24 19:28:40,698:INFO:Search for term 'content_sample' completed. Time taken: 0:00:01.319834
2024-05-24 19:29:33,444:INFO:Search results table search_results_user created or already exists.
2024-05-24 19:29:34,992:INFO:Search for term 'file_test' completed. Time taken: 0:00:01.582922
2024-05-24 19:30:18,903:INFO:Search results table search_results_user created or already exists.
2024-05-24 19:30:20,911:INFO:Search for term '' completed. Time taken: 0:00:02.351011
2024-05-24 19:30:42,838:INFO:Search results table search_results_user created or already exists.
2024-05-24 19:30:44,281:INFO:Search for term 'non existing' completed. Time taken: 0:00:01.481822
2024-05-24 19:31:19,232:INFO:Search results table search_results_user created or already exists.
2024-05-24 19:31:21,088:INFO:Search for term 'Human' completed. Time taken: 0:00:01.972078
2024-05-24 19:31:50,764:INFO:Search results table search_results_user created or already exists.
2024-05-24 19:31:52,097:INFO:Search for term 'Natural' completed. Time taken: 0:00:01.369402
2024-05-24 19:32:03,387:INFO:Search results table search_results_user created or already exists.
2024-05-24 19:32:04,967:INFO:Search for term 'food' completed. Time taken: 0:00:01.611089
2024-05-24 19:32:57,537:INFO:Search results table search_results_E created or already exists.
2024-05-24 19:32:59,058:INFO:Search for term 'non_existing_string_12345' completed. Time taken: 0:00:01.858289
2024-05-24 19:32:59,109:INFO:Search results table search_results_F created or already exists.
2024-05-24 19:33:00,442:INFO:Search for term 'test_filename' completed. Time taken: 0:00:01.384447
2024-05-24 19:33:00,560:INFO:Search results table search_results_G created or already exists.
2024-05-24 19:33:01,661:INFO:Search for term 'sample_content' completed. Time taken: 0:00:01.201478
2024-05-24 19:33:01,740:INFO:Search results table search_results_H created or already exists.
2024-05-24 19:33:02,948:INFO:Search for term 'content_sample' completed. Time taken: 0:00:01.286828
2024-05-24 19:37:06,261:INFO:Database and tables created or already exist.
2024-05-24 19:37:06,319:ERROR:Error reading file content: 'utf-8' codec can't decode byte 0xff in position 0: invalid start byte
2024-05-24 19:37:06,341:ERROR:Error reading file content: 'utf-8' codec can't decode byte 0xff in position 0: invalid start byte
2024-05-24 19:37:06,383:ERROR:Error reading file content: 'utf-8' codec can't decode byte 0xff in position 0: invalid start byte
2024-05-24 19:37:06,430:ERROR:Error reading file content: 'utf-8' codec can't decode byte 0xff in position 0: invalid start byte
2024-05-24 19:37:06,478:ERROR:Error reading file content: 'utf-8' codec can't decode byte 0xff in position 0: invalid start byte
2024-05-24 19:37:06,525:ERROR:Error reading file content: 'utf-8' codec can't decode byte 0xff in position 0: invalid start byte
2024-05-24 19:37:06,557:ERROR:Error reading file content: 'utf-8' codec can't decode byte 0x89 in position 0: invalid start byte
2024-05-24 19:37:08,554:ERROR:Error reading file content: 'utf-8' codec can't decode byte 0xff in position 0: invalid start byte
2024-05-24 19:37:08,589:ERROR:Error reading file content: 'utf-8' codec can't decode byte 0xff in position 0: invalid start byte
2024-05-24 19:37:08,630:ERROR:Error reading file content: 'utf-8' codec can't decode byte 0x89 in position 0: invalid start byte
2024-05-24 19:37:08,703:ERROR:Error reading file content: 'utf-8' codec can't decode byte 0xff in position 0: invalid start byte
2024-05-24 19:37:10,305:ERROR:Error reading file content: 'utf-8' codec can't decode byte 0xff in position 0: invalid start byte
2024-05-24 19:37:22,165:INFO:Monitoring stopped.
2024-05-24 19:37:46,559:INFO:Search results table search_results_user created or already exists.
2024-05-24 19:37:50,340:INFO:Search for term 'Pegah' completed. Time taken: 0:00:05.523605
2024-05-24 19:42:49,270:INFO:Database and tables created or already exist.
2024-05-24 19:42:49,325:ERROR:Error reading file content: 'utf-8' codec can't decode byte 0xff in position 0: invalid start byte
2024-05-24 19:42:49,423:ERROR:Error reading file content: 'utf-8' codec can't decode byte 0x89 in position 0: invalid start byte
2024-05-24 19:42:49,563:ERROR:Error reading file content: 'utf-8' codec can't decode byte 0xff in position 0: invalid start byte
2024-05-24 19:42:49,595:ERROR:Error reading file content: 'utf-8' codec can't decode byte 0x89 in position 0: invalid start byte
2024-05-24 19:42:49,789:ERROR:Error reading file content: 'utf-8' codec can't decode byte 0x89 in position 0: invalid start byte
2024-05-24 19:42:50,464:ERROR:Error reading file content: 'utf-8' codec can't decode byte 0x89 in position 0: invalid start byte
2024-05-24 19:42:50,526:ERROR:Error reading file content: 'utf-8' codec can't decode byte 0xff in position 0: invalid start byte
2024-05-24 19:42:50,715:ERROR:Error reading file content: 'utf-8' codec can't decode byte 0x89 in position 0: invalid start byte
2024-05-24 19:42:50,793:ERROR:Error reading file content: 'utf-8' codec can't decode byte 0xff in position 0: invalid start byte
2024-05-24 19:42:50,886:ERROR:Error reading file content: 'utf-8' codec can't decode byte 0x89 in position 0: invalid start byte
2024-05-24 19:42:50,949:ERROR:Error reading file content: 'utf-8' codec can't decode byte 0xff in position 0: invalid start byte
2024-05-24 19:42:50,996:ERROR:Error reading file content: 'utf-8' codec can't decode byte 0x89 in position 0: invalid start byte
2024-05-24 19:42:51,058:ERROR:Error reading file content: 'utf-8' codec can't decode byte 0xff in position 0: invalid start byte
2024-05-24 19:42:51,137:ERROR:Error reading file content: 'utf-8' codec can't decode byte 0xff in position 0: invalid start byte
2024-05-24 19:42:51,843:INFO:Monitoring stopped.
2024-05-24 19:43:13,171:INFO:Database and tables created or already exist.
2024-05-24 19:43:13,202:ERROR:Error reading file content: 'utf-8' codec can't decode byte 0xff in position 0: invalid start byte
2024-05-24 19:43:13,202:ERROR:Error reading file content: 'utf-8' codec can't decode byte 0x89 in position 0: invalid start byte
2024-05-24 19:43:13,202:ERROR:Error reading file content: 'utf-8' codec can't decode byte 0xff in position 0: invalid start byte
2024-05-24 19:43:13,202:ERROR:Error reading file content: 'utf-8' codec can't decode byte 0x89 in position 0: invalid start byte
2024-05-24 19:43:13,202:ERROR:Error reading file content: 'utf-8' codec can't decode byte 0x89 in position 0: invalid start byte
2024-05-24 19:43:13,202:ERROR:Error reading file content: 'utf-8' codec can't decode byte 0x89 in position 0: invalid start byte
2024-05-24 19:43:13,219:ERROR:Error reading file content: 'utf-8' codec can't decode byte 0xff in position 0: invalid start byte
2024-05-24 19:43:13,220:ERROR:Error reading file content: 'utf-8' codec can't decode byte 0x89 in position 0: invalid start byte
2024-05-24 19:43:13,220:ERROR:Error reading file content: 'utf-8' codec can't decode byte 0xff in position 0: invalid start byte
2024-05-24 19:43:13,224:ERROR:Error reading file content: 'utf-8' codec can't decode byte 0x89 in position 0: invalid start byte
2024-05-24 19:43:13,224:ERROR:Error reading file content: 'utf-8' codec can't decode byte 0xff in position 0: invalid start byte
2024-05-24 19:43:13,224:ERROR:Error reading file content: 'utf-8' codec can't decode byte 0x89 in position 0: invalid start byte
2024-05-24 19:43:13,224:ERROR:Error reading file content: 'utf-8' codec can't decode byte 0xff in position 0: invalid start byte
2024-05-24 19:43:13,224:ERROR:Error reading file content: 'utf-8' codec can't decode byte 0xff in position 0: invalid start byte
2024-05-24 19:43:13,254:ERROR:Error reading file content: 'utf-8' codec can't decode byte 0xff in position 0: invalid start byte
2024-05-24 19:43:13,398:ERROR:Error reading file content: 'utf-8' codec can't decode byte 0x89 in position 0: invalid start byte
2024-05-24 19:43:13,436:ERROR:Error reading file content: 'utf-8' codec can't decode byte 0x89 in position 0: invalid start byte
2024-05-24 19:43:13,499:ERROR:Error reading file content: 'utf-8' codec can't decode byte 0x89 in position 0: invalid start byte
2024-05-24 19:43:13,562:ERROR:Error reading file content: 'utf-8' codec can't decode byte 0xff in position 0: invalid start byte
2024-05-24 19:43:13,625:ERROR:Error reading file content: 'utf-8' codec can't decode byte 0xff in position 0: invalid start byte
2024-05-24 19:43:13,673:ERROR:Error reading file content: 'utf-8' codec can't decode byte 0xff in position 0: invalid start byte
2024-05-24 19:43:13,720:ERROR:Error reading file content: 'utf-8' codec can't decode byte 0xff in position 0: invalid start byte
2024-05-24 19:43:13,815:ERROR:Error reading file content: 'utf-8' codec can't decode byte 0x89 in position 0: invalid start byte
2024-05-24 19:43:13,815:ERROR:Error reading file content: 'utf-8' codec can't decode byte 0x89 in position 0: invalid start byte
2024-05-24 19:43:13,815:ERROR:Error reading file content: 'utf-8' codec can't decode byte 0x89 in position 0: invalid start byte
2024-05-24 19:43:13,815:ERROR:Error reading file content: 'utf-8' codec can't decode byte 0x89 in position 0: invalid start byte
2024-05-24 19:43:13,815:ERROR:Error reading file content: 'utf-8' codec can't decode byte 0x89 in position 0: invalid start byte
2024-05-24 19:43:13,849:ERROR:Error reading file content: 'utf-8' codec can't decode byte 0xff in position 0: invalid start byte
2024-05-24 19:43:14,099:ERROR:Error reading file content: 'utf-8' codec can't decode byte 0xff in position 0: invalid start byte
2024-05-24 19:43:14,162:ERROR:Error reading file content: 'utf-8' codec can't decode byte 0xff in position 0: invalid start byte
2024-05-24 19:43:14,848:ERROR:Error reading file content: 'utf-8' codec can't decode byte 0xff in position 0: invalid start byte
2024-05-24 19:43:14,865:ERROR:Error reading file content: 'utf-8' codec can't decode byte 0x89 in position 0: invalid start byte
2024-05-24 19:43:14,927:ERROR:Error reading file content: 'utf-8' codec can't decode byte 0x89 in position 0: invalid start byte
2024-05-24 19:43:14,927:ERROR:Error reading file content: 'utf-8' codec can't decode byte 0xff in position 0: invalid start byte
2024-05-24 19:43:14,942:ERROR:Error reading file content: 'utf-8' codec can't decode byte 0x89 in position 0: invalid start byte
2024-05-24 19:43:14,974:ERROR:Error reading file content: 'utf-8' codec can't decode byte 0xff in position 0: invalid start byte
2024-05-24 19:43:15,036:ERROR:Error reading file content: 'utf-8' codec can't decode byte 0x89 in position 0: invalid start byte
2024-05-24 19:43:15,162:ERROR:Error reading file content: 'utf-8' codec can't decode byte 0xff in position 0: invalid start byte
2024-05-24 19:43:15,194:ERROR:Error reading file content: 'utf-8' codec can't decode byte 0x89 in position 0: invalid start byte
2024-05-24 19:43:15,228:ERROR:Error reading file content: 'utf-8' codec can't decode byte 0x89 in position 0: invalid start byte
2024-05-24 19:43:15,681:ERROR:Error reading file content: 'utf-8' codec can't decode byte 0x89 in position 0: invalid start byte
2024-05-24 19:43:15,681:ERROR:Error reading file content: 'utf-8' codec can't decode byte 0x89 in position 0: invalid start byte
2024-05-24 19:43:15,743:ERROR:Error reading file content: 'utf-8' codec can't decode byte 0xff in position 0: invalid start byte
2024-05-24 19:43:15,775:ERROR:Error reading file content: 'utf-8' codec can't decode byte 0xff in position 0: invalid start byte
2024-05-24 19:43:15,837:ERROR:Error reading file content: 'utf-8' codec can't decode byte 0xff in position 0: invalid start byte
2024-05-24 19:43:15,837:ERROR:Error reading file content: 'utf-8' codec can't decode byte 0x89 in position 0: invalid start byte
2024-05-24 19:43:16,119:ERROR:Error reading file content: 'utf-8' codec can't decode byte 0x89 in position 0: invalid start byte
2024-05-24 19:43:16,166:ERROR:Error reading file content: 'utf-8' codec can't decode byte 0x89 in position 0: invalid start byte
2024-05-24 19:43:16,261:ERROR:Error reading file content: 'utf-8' codec can't decode byte 0x89 in position 0: invalid start byte
2024-05-24 19:43:17,168:ERROR:Error reading file content: 'utf-8' codec can't decode byte 0x89 in position 0: invalid start byte
2024-05-24 19:43:17,246:ERROR:Error reading file content: 'utf-8' codec can't decode byte 0x89 in position 0: invalid start byte
2024-05-24 19:43:17,262:ERROR:Error reading file content: 'utf-8' codec can't decode byte 0x89 in position 0: invalid start byte
2024-05-24 19:43:17,309:ERROR:Error reading file content: 'utf-8' codec can't decode byte 0x89 in position 0: invalid start byte
2024-05-24 19:43:17,434:ERROR:Error reading file content: 'utf-8' codec can't decode byte 0xff in position 0: invalid start byte
2024-05-24 19:43:45,876:INFO:Monitoring stopped.
2024-05-24 19:44:18,252:INFO:Search results table search_results_user created or already exists.
2024-05-24 19:44:52,934:INFO:Search for term 'happy' completed. Time taken: 0:00:52.038783
2024-05-24 19:50:12,260:INFO:Database and tables created or already exist.
2024-05-24 19:50:12,381:ERROR:Error reading file content: 'utf-8' codec can't decode byte 0xff in position 0: invalid start byte
2024-05-24 19:50:12,538:ERROR:Error reading file content: 'utf-8' codec can't decode byte 0x89 in position 0: invalid start byte
2024-05-24 19:50:12,647:ERROR:Error reading file content: 'utf-8' codec can't decode byte 0x89 in position 0: invalid start byte
2024-05-24 19:50:12,688:ERROR:Error reading file content: 'utf-8' codec can't decode byte 0x89 in position 0: invalid start byte
2024-05-24 19:50:14,393:INFO:Monitoring stopped.
2024-05-24 19:50:21,243:INFO:Search results table search_results_user created or already exists.
2024-05-24 19:50:27,328:INFO:Search for term 'pegah' completed. Time taken: 0:00:07.367511
2024-05-24 19:52:49,726:INFO:Database and tables created or already exist.
2024-05-24 19:52:50,034:ERROR:Error reading file content: 'utf-8' codec can't decode byte 0x89 in position 0: invalid start byte
2024-05-24 19:52:53,338:ERROR:Error reading file content: 'utf-8' codec can't decode byte 0xff in position 0: invalid start byte
2024-05-24 19:52:53,450:ERROR:Error reading file content: 'utf-8' codec can't decode byte 0xff in position 0: invalid start byte
2024-05-24 19:52:53,524:INFO:Monitoring stopped.
2024-05-24 19:53:28,285:INFO:Database and tables created or already exist.
2024-05-24 19:53:28,390:ERROR:Error reading file content: 'utf-8' codec can't decode byte 0x89 in position 0: invalid start byte
2024-05-24 19:53:29,518:ERROR:Error reading file content: 'utf-8' codec can't decode byte 0xff in position 0: invalid start byte
2024-05-24 19:53:29,521:ERROR:Error reading file content: 'utf-8' codec can't decode byte 0xff in position 0: invalid start byte
2024-05-24 19:53:29,522:ERROR:Error reading file content: 'utf-8' codec can't decode byte 0xff in position 0: invalid start byte
2024-05-24 19:53:29,522:ERROR:Error reading file content: 'utf-8' codec can't decode byte 0xff in position 0: invalid start byte
2024-05-24 19:53:29,569:ERROR:Error reading file content: 'utf-8' codec can't decode byte 0x89 in position 0: invalid start byte
2024-05-24 19:53:29,616:ERROR:Error reading file content: 'utf-8' codec can't decode byte 0xff in position 0: invalid start byte
2024-05-24 19:53:29,664:ERROR:Error reading file content: 'utf-8' codec can't decode byte 0xff in position 0: invalid start byte
2024-05-24 19:53:29,712:ERROR:Error reading file content: 'utf-8' codec can't decode byte 0xff in position 0: invalid start byte
2024-05-24 19:53:29,742:ERROR:Error reading file content: 'utf-8' codec can't decode byte 0xff in position 0: invalid start byte
2024-05-24 19:53:29,773:ERROR:Error reading file content: 'utf-8' codec can't decode byte 0xff in position 0: invalid start byte
2024-05-24 19:53:29,806:ERROR:Error reading file content: 'utf-8' codec can't decode byte 0xff in position 0: invalid start byte
2024-05-24 19:53:29,836:ERROR:Error reading file content: 'utf-8' codec can't decode byte 0xff in position 0: invalid start byte
2024-05-24 19:53:29,883:ERROR:Error reading file content: 'utf-8' codec can't decode byte 0xff in position 0: invalid start byte
2024-05-24 19:53:29,916:ERROR:Error reading file content: 'utf-8' codec can't decode byte 0xff in position 0: invalid start byte
2024-05-24 19:53:29,947:ERROR:Error reading file content: 'utf-8' codec can't decode byte 0xff in position 0: invalid start byte
2024-05-24 19:53:29,994:ERROR:Error reading file content: 'utf-8' codec can't decode byte 0xff in position 0: invalid start byte
2024-05-24 19:53:30,072:ERROR:Error reading file content: 'utf-8' codec can't decode byte 0x89 in position 0: invalid start byte
2024-05-24 19:53:30,182:ERROR:Error reading file content: 'utf-8' codec can't decode byte 0x89 in position 0: invalid start byte
2024-05-24 19:53:30,262:ERROR:Error reading file content: 'utf-8' codec can't decode byte 0xff in position 0: invalid start byte
2024-05-24 19:53:30,293:ERROR:Error reading file content: 'utf-8' codec can't decode byte 0xff in position 0: invalid start byte
2024-05-24 19:53:30,357:INFO:Monitoring stopped.
2024-05-24 19:54:34,230:INFO:Search results table search_results_user created or already exists.
2024-05-24 19:54:40,762:INFO:Search for term 'pegah' completed. Time taken: 0:01:04.935738
2024-05-24 19:59:20,945:INFO:Search results table search_results_user created or already exists.
2024-05-24 19:59:22,533:INFO:Search for term 'caulerpa' completed. Time taken: 0:00:01.633665
2024-05-24 20:00:35,152:INFO:Search results table search_results_user created or already exists.
2024-05-24 20:00:36,721:INFO:Search for term 'caulerpa' completed. Time taken: 0:00:02.227023
2024-05-24 20:03:45,991:INFO:Database and tables created or already exist.
2024-05-24 20:03:45,991:ERROR:Error reading file content: 'utf-8' codec can't decode byte 0xff in position 0: invalid start byte
2024-05-24 20:03:46,042:ERROR:Error reading file content: 'utf-8' codec can't decode byte 0xff in position 0: invalid start byte
2024-05-24 20:03:46,077:ERROR:Error reading file content: 'utf-8' codec can't decode byte 0xff in position 0: invalid start byte
2024-05-24 20:03:46,109:ERROR:Error reading file content: 'utf-8' codec can't decode byte 0xff in position 0: invalid start byte
2024-05-24 20:03:46,205:ERROR:Error reading file content: 'utf-8' codec can't decode byte 0x89 in position 0: invalid start byte
2024-05-24 20:03:46,336:ERROR:Error reading file content: 'utf-8' codec can't decode byte 0xff in position 0: invalid start byte
2024-05-24 20:03:46,359:ERROR:Error reading file content: 'utf-8' codec can't decode byte 0xff in position 0: invalid start byte
2024-05-24 20:03:46,390:ERROR:Error reading file content: 'utf-8' codec can't decode byte 0xff in position 0: invalid start byte
2024-05-24 20:03:46,406:ERROR:Error reading file content: 'utf-8' codec can't decode byte 0xff in position 0: invalid start byte
2024-05-24 20:03:46,421:ERROR:Error reading file content: 'utf-8' codec can't decode byte 0xff in position 0: invalid start byte
2024-05-24 20:03:46,453:ERROR:Error reading file content: 'utf-8' codec can't decode byte 0xff in position 0: invalid start byte
2024-05-24 20:03:47,089:ERROR:Error reading file content: 'utf-8' codec can't decode byte 0xff in position 0: invalid start byte
2024-05-24 20:03:47,136:ERROR:Error reading file content: 'utf-8' codec can't decode byte 0x89 in position 0: invalid start byte
2024-05-24 20:03:47,168:ERROR:Error reading file content: 'utf-8' codec can't decode byte 0xff in position 0: invalid start byte
2024-05-24 20:03:47,169:ERROR:Error reading file content: 'utf-8' codec can't decode byte 0xff in position 0: invalid start byte
2024-05-24 20:03:47,184:ERROR:Error reading file content: 'utf-8' codec can't decode byte 0xff in position 0: invalid start byte
2024-05-24 20:03:47,231:ERROR:Error reading file content: 'utf-8' codec can't decode byte 0x89 in position 0: invalid start byte
2024-05-24 20:03:47,263:ERROR:Error reading file content: 'utf-8' codec can't decode byte 0xff in position 0: invalid start byte
2024-05-24 20:03:47,263:ERROR:Error reading file content: 'utf-8' codec can't decode byte 0x89 in position 0: invalid start byte
2024-05-24 20:03:47,263:ERROR:Error reading file content: 'utf-8' codec can't decode byte 0x89 in position 0: invalid start byte
2024-05-24 20:03:47,263:ERROR:Error reading file content: 'utf-8' codec can't decode byte 0x89 in position 0: invalid start byte
2024-05-24 20:03:47,263:ERROR:Error reading file content: 'utf-8' codec can't decode byte 0x89 in position 0: invalid start byte
2024-05-24 20:03:47,263:ERROR:Error reading file content: 'utf-8' codec can't decode byte 0x89 in position 0: invalid start byte
2024-05-24 20:03:47,279:ERROR:Error reading file content: 'utf-8' codec can't decode byte 0xff in position 0: invalid start byte
2024-05-24 20:03:47,279:ERROR:Error reading file content: 'utf-8' codec can't decode byte 0xff in position 0: invalid start byte
2024-05-24 20:03:47,326:ERROR:Error reading file content: 'utf-8' codec can't decode byte 0x89 in position 0: invalid start byte
2024-05-24 20:03:47,358:ERROR:Error reading file content: 'utf-8' codec can't decode byte 0xff in position 0: invalid start byte
2024-05-24 20:03:47,373:ERROR:Error reading file content: 'utf-8' codec can't decode byte 0xff in position 0: invalid start byte
2024-05-24 20:03:47,389:ERROR:Error reading file content: 'utf-8' codec can't decode byte 0xff in position 0: invalid start byte
2024-05-24 20:03:47,499:ERROR:Error reading file content: 'utf-8' codec can't decode byte 0xff in position 0: invalid start byte
2024-05-24 20:03:47,607:ERROR:Error reading file content: 'utf-8' codec can't decode byte 0xff in position 0: invalid start byte
2024-05-24 20:03:48,172:ERROR:Error reading file content: 'utf-8' codec can't decode byte 0xff in position 0: invalid start byte
2024-05-24 20:03:48,235:ERROR:Error reading file content: 'utf-8' codec can't decode byte 0xff in position 0: invalid start byte
2024-05-24 20:03:48,281:ERROR:Error reading file content: 'utf-8' codec can't decode byte 0xff in position 0: invalid start byte
2024-05-24 20:03:48,328:ERROR:Error reading file content: 'utf-8' codec can't decode byte 0xff in position 0: invalid start byte
2024-05-24 20:03:48,328:ERROR:Error reading file content: 'utf-8' codec can't decode byte 0x89 in position 0: invalid start byte
2024-05-24 20:03:48,344:ERROR:Error reading file content: 'utf-8' codec can't decode byte 0x89 in position 0: invalid start byte
2024-05-24 20:03:48,391:ERROR:Error reading file content: 'utf-8' codec can't decode byte 0x89 in position 0: invalid start byte
2024-05-24 20:03:48,453:ERROR:Error reading file content: 'utf-8' codec can't decode byte 0xff in position 0: invalid start byte
2024-05-24 20:03:48,620:INFO:Monitoring stopped.
2024-05-24 20:03:53,485:INFO:Search results table search_results_user created or already exists.
2024-05-24 20:04:01,814:INFO:Search for term 'caulerpa' completed. Time taken: 0:00:08.608184
2024-05-24 20:07:27,452:INFO:Search results table search_results_user created or already exists.
2024-05-24 20:07:28,894:INFO:Search for term 'Food' completed. Time taken: 0:00:01.771778
2024-05-24 20:07:56,299:INFO:Search results table search_results_user created or already exists.
2024-05-24 20:07:58,046:INFO:Search for term 'Food' completed. Time taken: 0:00:01.780700
2024-05-24 20:13:01,577:INFO:Search results table search_results_user created or already exists.
2024-05-24 20:13:03,431:INFO:Search for term 'content_sample' completed. Time taken: 0:00:01.891917
2024-05-24 20:14:29,263:INFO:Database and tables created or already exist.
2024-05-24 20:14:29,379:ERROR:Error reading file content: 'utf-8' codec can't decode byte 0xff in position 0: invalid start byte
2024-05-24 20:14:29,409:ERROR:Error reading file content: 'utf-8' codec can't decode byte 0xff in position 0: invalid start byte
2024-05-24 20:14:29,455:ERROR:Error reading file content: 'utf-8' codec can't decode byte 0xff in position 0: invalid start byte
2024-05-24 20:14:29,502:ERROR:Error reading file content: 'utf-8' codec can't decode byte 0x89 in position 0: invalid start byte
2024-05-24 20:14:29,518:ERROR:Error reading file content: 'utf-8' codec can't decode byte 0x89 in position 0: invalid start byte
2024-05-24 20:14:29,550:ERROR:Error reading file content: 'utf-8' codec can't decode byte 0xff in position 0: invalid start byte
2024-05-24 20:14:29,716:ERROR:Error reading file content: 'utf-8' codec can't decode byte 0xff in position 0: invalid start byte
2024-05-24 20:14:29,780:ERROR:Error reading file content: 'utf-8' codec can't decode byte 0xff in position 0: invalid start byte
2024-05-24 20:14:29,827:ERROR:Error reading file content: 'utf-8' codec can't decode byte 0x89 in position 0: invalid start byte
2024-05-24 20:14:29,859:ERROR:Error reading file content: 'utf-8' codec can't decode byte 0x89 in position 0: invalid start byte
2024-05-24 20:14:30,034:ERROR:Error reading file content: 'utf-8' codec can't decode byte 0xff in position 0: invalid start byte
2024-05-24 20:14:30,081:ERROR:Error reading file content: 'utf-8' codec can't decode byte 0xff in position 0: invalid start byte
2024-05-24 20:14:30,156:ERROR:Error reading file content: 'utf-8' codec can't decode byte 0x89 in position 0: invalid start byte
2024-05-24 20:14:30,203:ERROR:Error reading file content: 'utf-8' codec can't decode byte 0x89 in position 0: invalid start byte
2024-05-24 20:14:30,283:ERROR:Error reading file content: 'utf-8' codec can't decode byte 0x89 in position 0: invalid start byte
2024-05-24 20:14:30,330:ERROR:Error reading file content: 'utf-8' codec can't decode byte 0x89 in position 0: invalid start byte
2024-05-24 20:14:30,362:ERROR:Error reading file content: 'utf-8' codec can't decode byte 0xff in position 0: invalid start byte
2024-05-24 20:14:30,425:ERROR:Error reading file content: 'utf-8' codec can't decode byte 0xff in position 0: invalid start byte
2024-05-24 20:14:30,487:ERROR:Error reading file content: 'utf-8' codec can't decode byte 0xff in position 0: invalid start byte
2024-05-24 20:14:30,503:ERROR:Error reading file content: 'utf-8' codec can't decode byte 0xff in position 0: invalid start byte
2024-05-24 20:14:30,550:ERROR:Error reading file content: 'utf-8' codec can't decode byte 0xff in position 0: invalid start byte
2024-05-24 20:14:30,581:ERROR:Error reading file content: 'utf-8' codec can't decode byte 0x89 in position 0: invalid start byte
2024-05-24 20:14:30,598:ERROR:Error reading file content: 'utf-8' codec can't decode byte 0xff in position 0: invalid start byte
2024-05-24 20:14:30,651:ERROR:Error reading file content: 'utf-8' codec can't decode byte 0xff in position 0: invalid start byte
2024-05-24 20:14:30,673:ERROR:Error reading file content: 'utf-8' codec can't decode byte 0xff in position 0: invalid start byte
2024-05-24 20:14:30,705:ERROR:Error reading file content: 'utf-8' codec can't decode byte 0xff in position 0: invalid start byte
2024-05-24 20:14:30,736:ERROR:Error reading file content: 'utf-8' codec can't decode byte 0xff in position 0: invalid start byte
2024-05-24 20:14:30,785:ERROR:Error reading file content: 'utf-8' codec can't decode byte 0x89 in position 0: invalid start byte
2024-05-24 20:14:30,863:ERROR:Error reading file content: 'utf-8' codec can't decode byte 0x89 in position 0: invalid start byte
2024-05-24 20:14:30,879:ERROR:Error reading file content: 'utf-8' codec can't decode byte 0xff in position 0: invalid start byte
2024-05-24 20:14:30,941:ERROR:Error reading file content: 'utf-8' codec can't decode byte 0xff in position 0: invalid start byte
2024-05-24 20:14:30,973:ERROR:Error reading file content: 'utf-8' codec can't decode byte 0xff in position 0: invalid start byte
2024-05-24 20:14:31,021:ERROR:Error reading file content: 'utf-8' codec can't decode byte 0x89 in position 0: invalid start byte
2024-05-24 20:14:31,052:ERROR:Error reading file content: 'utf-8' codec can't decode byte 0xff in position 0: invalid start byte
2024-05-24 20:14:31,083:ERROR:Error reading file content: 'utf-8' codec can't decode byte 0xff in position 0: invalid start byte
2024-05-24 20:14:31,114:ERROR:Error reading file content: 'utf-8' codec can't decode byte 0xff in position 0: invalid start byte
2024-05-24 20:14:31,146:ERROR:Error reading file content: 'utf-8' codec can't decode byte 0xff in position 0: invalid start byte
2024-05-24 20:14:31,191:ERROR:Error reading file content: 'utf-8' codec can't decode byte 0xff in position 0: invalid start byte
2024-05-24 20:14:31,223:ERROR:Error reading file content: 'utf-8' codec can't decode byte 0xff in position 0: invalid start byte
2024-05-24 20:14:31,256:ERROR:Error reading file content: 'utf-8' codec can't decode byte 0xff in position 0: invalid start byte
2024-05-24 20:14:31,288:ERROR:Error reading file content: 'utf-8' codec can't decode byte 0xff in position 0: invalid start byte
2024-05-24 20:14:31,319:ERROR:Error reading file content: 'utf-8' codec can't decode byte 0xff in position 0: invalid start byte
2024-05-24 20:14:31,351:ERROR:Error reading file content: 'utf-8' codec can't decode byte 0xff in position 0: invalid start byte
2024-05-24 20:14:31,366:ERROR:Error reading file content: 'utf-8' codec can't decode byte 0xff in position 0: invalid start byte
2024-05-24 20:14:31,413:ERROR:Error reading file content: 'utf-8' codec can't decode byte 0xff in position 0: invalid start byte
2024-05-24 20:14:31,445:ERROR:Error reading file content: 'utf-8' codec can't decode byte 0xff in position 0: invalid start byte
2024-05-24 20:14:31,476:ERROR:Error reading file content: 'utf-8' codec can't decode byte 0xff in position 0: invalid start byte
2024-05-24 20:14:31,523:ERROR:Error reading file content: 'utf-8' codec can't decode byte 0xff in position 0: invalid start byte
2024-05-24 20:14:31,554:ERROR:Error reading file content: 'utf-8' codec can't decode byte 0xff in position 0: invalid start byte
2024-05-24 20:14:31,602:ERROR:Error reading file content: 'utf-8' codec can't decode byte 0x89 in position 0: invalid start byte
2024-05-24 20:14:31,666:ERROR:Error reading file content: 'utf-8' codec can't decode byte 0x89 in position 0: invalid start byte
2024-05-24 20:14:31,723:ERROR:Error reading file content: 'utf-8' codec can't decode byte 0x89 in position 0: invalid start byte
2024-05-24 20:14:31,770:ERROR:Error reading file content: 'utf-8' codec can't decode byte 0xff in position 0: invalid start byte
2024-05-24 20:14:31,849:ERROR:Error reading file content: 'utf-8' codec can't decode byte 0xff in position 0: invalid start byte
2024-05-24 20:14:31,896:ERROR:Error reading file content: 'utf-8' codec can't decode byte 0xff in position 0: invalid start byte
2024-05-24 20:14:32,085:ERROR:Error reading file content: 'utf-8' codec can't decode byte 0xff in position 0: invalid start byte
2024-05-24 20:14:32,101:ERROR:Error reading file content: 'utf-8' codec can't decode byte 0x89 in position 0: invalid start byte
2024-05-24 20:14:32,101:ERROR:Error reading file content: 'utf-8' codec can't decode byte 0x89 in position 0: invalid start byte
2024-05-24 20:14:32,101:ERROR:Error reading file content: 'utf-8' codec can't decode byte 0x89 in position 0: invalid start byte
2024-05-24 20:14:32,101:ERROR:Error reading file content: 'utf-8' codec can't decode byte 0x89 in position 0: invalid start byte
2024-05-24 20:14:32,132:ERROR:Error reading file content: 'utf-8' codec can't decode byte 0x89 in position 0: invalid start byte
2024-05-24 20:14:32,163:ERROR:Error reading file content: 'utf-8' codec can't decode byte 0x89 in position 0: invalid start byte
2024-05-24 20:14:32,213:ERROR:Error reading file content: 'utf-8' codec can't decode byte 0xff in position 0: invalid start byte
2024-05-24 20:14:32,241:ERROR:Error reading file content: 'utf-8' codec can't decode byte 0xff in position 0: invalid start byte
2024-05-24 20:14:32,288:ERROR:Error reading file content: 'utf-8' codec can't decode byte 0xff in position 0: invalid start byte
2024-05-24 20:14:32,493:ERROR:Error reading file content: 'utf-8' codec can't decode byte 0xff in position 0: invalid start byte
2024-05-24 20:14:32,539:ERROR:Error reading file content: 'utf-8' codec can't decode byte 0xff in position 0: invalid start byte
2024-05-24 20:14:32,571:ERROR:Error reading file content: 'utf-8' codec can't decode byte 0xff in position 0: invalid start byte
2024-05-24 20:14:32,586:ERROR:Error reading file content: 'utf-8' codec can't decode byte 0x89 in position 0: invalid start byte
2024-05-24 20:14:32,586:ERROR:Error reading file content: 'utf-8' codec can't decode byte 0x89 in position 0: invalid start byte
2024-05-24 20:14:32,618:ERROR:Error reading file content: 'utf-8' codec can't decode byte 0x89 in position 0: invalid start byte
2024-05-24 20:14:32,649:ERROR:Error reading file content: 'utf-8' codec can't decode byte 0xff in position 0: invalid start byte
2024-05-24 20:14:32,696:ERROR:Error reading file content: 'utf-8' codec can't decode byte 0xff in position 0: invalid start byte
2024-05-24 20:14:32,746:ERROR:Error reading file content: 'utf-8' codec can't decode byte 0x89 in position 0: invalid start byte
2024-05-24 20:14:32,774:ERROR:Error reading file content: 'utf-8' codec can't decode byte 0xff in position 0: invalid start byte
2024-05-24 20:14:32,805:ERROR:Error reading file content: 'utf-8' codec can't decode byte 0x89 in position 0: invalid start byte
2024-05-24 20:14:32,837:ERROR:Error reading file content: 'utf-8' codec can't decode byte 0x89 in position 0: invalid start byte
2024-05-24 20:14:32,884:ERROR:Error reading file content: 'utf-8' codec can't decode byte 0x89 in position 0: invalid start byte
2024-05-24 20:14:32,978:ERROR:Error reading file content: 'utf-8' codec can't decode byte 0x89 in position 0: invalid start byte
2024-05-24 20:14:33,010:ERROR:Error reading file content: 'utf-8' codec can't decode byte 0x89 in position 0: invalid start byte
2024-05-24 20:14:33,057:ERROR:Error reading file content: 'utf-8' codec can't decode byte 0xff in position 0: invalid start byte
2024-05-24 20:14:33,763:INFO:Inserted file info for directory D:\1. Time taken: 0:00:04.500268
2024-05-24 20:14:33,763:INFO:Directory monitored. Press Ctrl+C to stop monitoring.
2024-05-24 20:14:34,549:INFO:Monitoring stopped.
2024-05-24 20:14:39,775:INFO:Search results table search_results_user created or already exists.
2024-05-24 20:14:42,385:INFO:Search for term 'content_sample' completed. Time taken: 0:00:02.728749
